#options: 1916x1080 fps=24/1 timebase=1/24 bitdepth=8 cabac=1 ref=1 deblock=1:0:0 analyse=0x1:0 me=dia subme=2 psy=1 psy_rd=1.00:0.00 mixed_ref=0 me_range=16 chroma_me=1 trellis=0 8x8dct=0 cqm=0 deadzone=21,11 fast_pskip=1 chroma_qp_offset=0 threads=12 lookahead_threads=4 sliced_threads=0 nr=0 decimate=1 interlaced=0 bluray_compat=0 constrained_intra=0 bframes=3 b_pyramid=2 b_adapt=1 b_bias=0 direct=3 weightb=1 open_gop=0 weightp=2 keyint=250 keyint_min=24 scenecut=40 intra_refresh=0 rc_lookahead=50 rc=cbr mbtree=1 bitrate=2000 ratetol=1.0 qcomp=0.60 qpmin=0 qpmax=69 qpstep=4 vbv_maxrate=2000 vbv_bufsize=4000 nal_hrd=none filler=0 ip_ratio=1.40 aq=1:1.00
in:0 out:0 type:I dur:2 cpbdur:2 q:38.65 aq:32.26 tex:963915 mv:333527 misc:294 imb:8160 pmb:0 smb:0 d:- ref:;
in:4 out:1 type:P dur:2 cpbdur:2 q:41.52 aq:35.83 tex:1644 mv:321 misc:1539 imb:0 pmb:192 smb:7968 d:- ref:0 ;
in:2 out:2 type:B dur:2 cpbdur:2 q:41.52 aq:39.78 tex:34 mv:10 misc:412 imb:0 pmb:2 smb:8158 d:- ref:0 ;
in:1 out:3 type:b dur:2 cpbdur:2 q:41.52 aq:41.00 tex:0 mv:0 misc:392 imb:0 pmb:0 smb:8160 d:- ref:0 ;
in:3 out:4 type:b dur:2 cpbdur:2 q:41.52 aq:41.00 tex:0 mv:0 misc:392 imb:0 pmb:0 smb:8160 d:- ref:0 ;
in:8 out:5 type:P dur:2 cpbdur:2 q:41.74 aq:36.21 tex:1020 mv:200 misc:1140 imb:0 pmb:118 smb:8042 d:- ref:0 ;
in:6 out:6 type:B dur:2 cpbdur:2 q:41.74 aq:38.00 tex:0 mv:0 misc:408 imb:0 pmb:0 smb:8160 d:- ref:0 ;
in:5 out:7 type:b dur:2 cpbdur:2 q:41.74 aq:41.00 tex:0 mv:0 misc:392 imb:0 pmb:0 smb:8160 d:- ref:0 ;
in:7 out:8 type:b dur:2 cpbdur:2 q:41.74 aq:41.00 tex:0 mv:0 misc:392 imb:0 pmb:0 smb:8160 d:- ref:0 ;
in:12 out:9 type:P dur:2 cpbdur:2 q:41.79 aq:37.67 tex:506 mv:109 misc:777 imb:0 pmb:55 smb:8105 d:- ref:0 ;
in:10 out:10 type:B dur:2 cpbdur:2 q:41.79 aq:38.00 tex:0 mv:0 misc:408 imb:0 pmb:0 smb:8160 d:- ref:0 ;
in:9 out:11 type:b dur:2 cpbdur:2 q:41.79 aq:41.00 tex:0 mv:0 misc:392 imb:0 pmb:0 smb:8160 d:- ref:0 ;
in:11 out:12 type:b dur:2 cpbdur:2 q:41.79 aq:41.00 tex:0 mv:0 misc:392 imb:0 pmb:0 smb:8160 d:- ref:0 ;
in:16 out:13 type:P dur:2 cpbdur:2 q:41.83 aq:37.01 tex:113 mv:38 misc:505 imb:0 pmb:13 smb:8147 d:- ref:0 ;
in:14 out:14 type:B dur:2 cpbdur:2 q:41.83 aq:38.00 tex:0 mv:0 misc:408 imb:0 pmb:0 smb:8160 d:- ref:0 ;
in:13 out:15 type:b dur:2 cpbdur:2 q:41.83 aq:41.00 tex:0 mv:0 misc:392 imb:0 pmb:0 smb:8160 d:- ref:0 ;
in:15 out:16 type:b dur:2 cpbdur:2 q:41.83 aq:41.00 tex:0 mv:0 misc:392 imb:0 pmb:0 smb:8160 d:- ref:0 ;
in:20 out:17 type:P dur:2 cpbdur:2 q:41.31 aq:39.47 tex:71645 mv:40576 misc:6075 imb:1657 pmb:3806 smb:2697 d:- ref:0 w:6,65,8,5,32,-3,29,15 ;
in:18 out:18 type:B dur:2 cpbdur:2 q:42.22 aq:39.00 tex:662 mv:7183 misc:3339 imb:0 pmb:4049 smb:4111 d:s ref:0 ;
in:17 out:19 type:b dur:2 cpbdur:2 q:42.23 aq:40.00 tex:1 mv:9 misc:414 imb:0 pmb:3 smb:8157 d:s ref:0 ;
in:19 out:20 type:b dur:2 cpbdur:2 q:42.21 aq:44.54 tex:10687 mv:13685 misc:5468 imb:113 pmb:1874 smb:6173 d:- ref:0 ;
in:22 out:21 type:P dur:2 cpbdur:2 q:41.71 aq:39.51 tex:113749 mv:45948 misc:4575 imb:2815 pmb:2736 smb:2609 d:- ref:0 ;
in:21 out:22 type:b dur:2 cpbdur:2 q:42.10 aq:43.60 tex:28447 mv:36523 misc:3774 imb:883 pmb:2398 smb:4879 d:s ref:0 ;
in:26 out:23 type:P dur:2 cpbdur:2 q:40.88 aq:38.69 tex:150332 mv:53661 misc:4559 imb:2966 pmb:3023 smb:2171 d:- ref:0 ;
in:24 out:24 type:B dur:2 cpbdur:2 q:41.76 aq:42.37 tex:51805 mv:53536 misc:3147 imb:1404 pmb:2955 smb:3801 d:s ref:0 ;
in:23 out:25 type:b dur:2 cpbdur:2 q:41.76 aq:43.19 tex:29387 mv:38788 misc:4049 imb:822 pmb:2672 smb:4666 d:s ref:0 ;
in:25 out:26 type:b dur:2 cpbdur:2 q:41.76 aq:43.05 tex:30260 mv:33919 misc:5021 imb:814 pmb:2190 smb:5156 d:- ref:0 ;
in:30 out:27 type:P dur:2 cpbdur:2 q:41.14 aq:38.19 tex:143808 mv:54931 misc:4645 imb:2902 pmb:3515 smb:1743 d:- ref:0 ;
in:28 out:28 type:B dur:2 cpbdur:2 q:41.15 aq:41.63 tex:49861 mv:50276 misc:3447 imb:1429 pmb:2683 smb:4048 d:s ref:0 ;
in:27 out:29 type:b dur:2 cpbdur:2 q:41.15 aq:42.16 tex:28191 mv:38702 misc:3971 imb:828 pmb:2690 smb:4642 d:s ref:0 ;
in:29 out:30 type:b dur:2 cpbdur:2 q:41.15 aq:42.59 tex:33835 mv:34053 misc:4888 imb:797 pmb:2288 smb:5075 d:- ref:0 ;
in:33 out:31 type:P dur:2 cpbdur:2 q:40.94 aq:37.97 tex:114205 mv:51343 misc:5116 imb:2610 pmb:3523 smb:2027 d:s ref:0 ;
in:31 out:32 type:B dur:2 cpbdur:2 q:41.14 aq:41.59 tex:37492 mv:38523 misc:4865 imb:913 pmb:2450 smb:4797 d:s ref:0 ;
in:32 out:33 type:b dur:2 cpbdur:2 q:41.14 aq:41.41 tex:33001 mv:37519 misc:4552 imb:973 pmb:2207 smb:4980 d:- ref:0 ;
in:37 out:34 type:P dur:2 cpbdur:2 q:39.88 aq:36.91 tex:140278 mv:56100 misc:4398 imb:2691 pmb:3816 smb:1653 d:s ref:0 ;
in:35 out:35 type:B dur:2 cpbdur:2 q:40.98 aq:40.62 tex:52108 mv:48575 misc:4965 imb:1291 pmb:2769 smb:4100 d:s ref:0 ;
in:34 out:36 type:b dur:2 cpbdur:2 q:40.98 aq:42.33 tex:35269 mv:38365 misc:4878 imb:934 pmb:2362 smb:4864 d:s ref:0 ;
in:36 out:37 type:b dur:2 cpbdur:2 q:40.99 aq:41.79 tex:31369 mv:36568 misc:4335 imb:1030 pmb:1992 smb:5138 d:- ref:0 ;
in:41 out:38 type:P dur:2 cpbdur:2 q:39.29 aq:36.42 tex:150699 mv:56652 misc:4201 imb:2701 pmb:3766 smb:1693 d:s ref:0 ;
in:39 out:39 type:B dur:2 cpbdur:2 q:39.98 aq:39.69 tex:59454 mv:48798 misc:4732 imb:1395 pmb:2731 smb:4034 d:s ref:0 ;
in:38 out:40 type:b dur:2 cpbdur:2 q:39.97 aq:41.07 tex:36159 mv:37199 misc:4698 imb:910 pmb:2244 smb:5006 d:s ref:0 ;
in:40 out:41 type:b dur:2 cpbdur:2 q:39.98 aq:40.48 tex:36151 mv:38712 misc:4545 imb:1204 pmb:2076 smb:4880 d:- ref:0 ;
in:43 out:42 type:P dur:2 cpbdur:2 q:40.04 aq:37.43 tex:89640 mv:48051 misc:5429 imb:1893 pmb:3598 smb:2669 d:s ref:0 ;
in:42 out:43 type:b dur:2 cpbdur:2 q:40.03 aq:41.36 tex:33468 mv:35940 misc:5616 imb:722 pmb:2562 smb:4876 d:t ref:0 ;
in:45 out:44 type:P dur:2 cpbdur:2 q:40.41 aq:37.78 tex:97636 mv:48013 misc:5295 imb:2025 pmb:3328 smb:2807 d:s ref:0 ;
in:44 out:45 type:b dur:2 cpbdur:2 q:40.41 aq:41.49 tex:30974 mv:35839 misc:4627 imb:870 pmb:2163 smb:5127 d:t ref:0 ;
in:47 out:46 type:P dur:2 cpbdur:2 q:40.73 aq:38.40 tex:71801 mv:44438 misc:5657 imb:1733 pmb:3327 smb:3100 d:s ref:0 ;
in:46 out:47 type:b dur:2 cpbdur:2 q:40.73 aq:41.98 tex:27228 mv:33270 misc:5310 imb:664 pmb:2337 smb:5159 d:t ref:0 ;
in:49 out:48 type:P dur:2 cpbdur:2 q:40.80 aq:38.44 tex:94656 mv:47870 misc:5258 imb:2159 pmb:3152 smb:2849 d:s ref:0 ;
in:48 out:49 type:b dur:2 cpbdur:2 q:40.80 aq:41.81 tex:31124 mv:36009 misc:4771 imb:855 pmb:2167 smb:5138 d:s ref:0 ;
in:51 out:50 type:P dur:2 cpbdur:2 q:41.04 aq:39.04 tex:66259 mv:44773 misc:5760 imb:1708 pmb:3312 smb:3140 d:s ref:0 ;
in:50 out:51 type:b dur:2 cpbdur:2 q:41.04 aq:42.38 tex:28210 mv:32819 misc:5507 imb:649 pmb:2335 smb:5176 d:s ref:0 ;
in:53 out:52 type:P dur:2 cpbdur:2 q:41.04 aq:38.99 tex:82462 mv:45488 misc:5114 imb:2371 pmb:2809 smb:2980 d:s ref:0 ;
in:52 out:53 type:b dur:2 cpbdur:2 q:41.04 aq:41.88 tex:28169 mv:34116 misc:5123 imb:777 pmb:2185 smb:5198 d:s ref:0 ;
in:55 out:54 type:P dur:2 cpbdur:2 q:41.13 aq:39.71 tex:69051 mv:43127 misc:5502 imb:2100 pmb:2815 smb:3245 d:s ref:0 ;
in:54 out:55 type:b dur:2 cpbdur:2 q:41.13 aq:41.91 tex:28783 mv:32248 misc:5601 imb:741 pmb:2279 smb:5140 d:s ref:0 ;
in:57 out:56 type:P dur:2 cpbdur:2 q:41.22 aq:41.13 tex:67883 mv:40312 misc:5261 imb:2412 pmb:2176 smb:3572 d:s ref:0 ;
in:56 out:57 type:b dur:2 cpbdur:2 q:41.22 aq:41.95 tex:33094 mv:37314 misc:5640 imb:904 pmb:2428 smb:4828 d:s ref:0 ;
in:58 out:58 type:I dur:2 cpbdur:2 q:37.16 aq:34.31 tex:362070 mv:172565 misc:237 imb:8160 pmb:0 smb:0 d:s ref:;
in:60 out:59 type:P dur:2 cpbdur:2 q:41.20 aq:38.18 tex:52517 mv:36947 misc:5144 imb:2565 pmb:1975 smb:3620 d:s ref:0 ;
in:59 out:60 type:b dur:2 cpbdur:2 q:41.20 aq:40.23 tex:20045 mv:29681 misc:5186 imb:986 pmb:1672 smb:5502 d:s ref:0 ;
in:62 out:61 type:P dur:2 cpbdur:2 q:41.30 aq:38.34 tex:46471 mv:39265 misc:5688 imb:2411 pmb:2213 smb:3536 d:s ref:0 ;
in:61 out:62 type:b dur:2 cpbdur:2 q:41.30 aq:40.92 tex:21834 mv:30644 misc:5986 imb:889 pmb:2014 smb:5257 d:t ref:0 ;
in:64 out:63 type:P dur:2 cpbdur:2 q:41.33 aq:38.29 tex:57557 mv:40729 misc:5162 imb:2897 pmb:2183 smb:3080 d:s ref:0 ;
in:63 out:64 type:b dur:2 cpbdur:2 q:41.33 aq:40.59 tex:25285 mv:32391 misc:5332 imb:1161 pmb:1864 smb:5135 d:s ref:0 ;
in:66 out:65 type:P dur:2 cpbdur:2 q:41.39 aq:38.64 tex:53776 mv:41541 misc:5659 imb:2751 pmb:2239 smb:3170 d:s ref:0 ;
in:65 out:66 type:b dur:2 cpbdur:2 q:41.39 aq:41.04 tex:24287 mv:31479 misc:5170 imb:1102 pmb:1860 smb:5198 d:s ref:0 ;
in:68 out:67 type:P dur:2 cpbdur:2 q:41.41 aq:38.61 tex:61490 mv:42730 misc:5436 imb:3163 pmb:2170 smb:2827 d:s ref:0 ;
in:67 out:68 type:b dur:2 cpbdur:2 q:41.41 aq:41.03 tex:24406 mv:33464 misc:5234 imb:1195 pmb:1943 smb:5022 d:s ref:0 ;
in:70 out:69 type:P dur:2 cpbdur:2 q:41.45 aq:38.80 tex:55730 mv:41964 misc:5682 imb:3061 pmb:2138 smb:2961 d:s ref:0 ;
in:69 out:70 type:b dur:2 cpbdur:2 q:41.45 aq:41.22 tex:27191 mv:34057 misc:5944 imb:1285 pmb:2022 smb:4853 d:s ref:0 ;
in:72 out:71 type:P dur:2 cpbdur:2 q:41.93 aq:39.04 tex:57108 mv:41714 misc:5146 imb:3489 pmb:1995 smb:2676 d:s ref:0 ;
in:71 out:72 type:b dur:2 cpbdur:2 q:41.93 aq:40.79 tex:25317 mv:33766 misc:5421 imb:1465 pmb:1778 smb:4917 d:s ref:0 ;
in:74 out:73 type:P dur:2 cpbdur:2 q:41.87 aq:39.08 tex:51945 mv:40959 misc:5712 imb:3254 pmb:2001 smb:2905 d:s ref:0 ;
in:73 out:74 type:b dur:2 cpbdur:2 q:41.93 aq:41.41 tex:24383 mv:33559 misc:5522 imb:1324 pmb:1868 smb:4968 d:s ref:0 ;
in:76 out:75 type:P dur:2 cpbdur:2 q:41.84 aq:38.91 tex:62191 mv:43812 misc:5181 imb:3682 pmb:2068 smb:2410 d:s ref:0 ;
in:75 out:76 type:b dur:2 cpbdur:2 q:41.87 aq:40.50 tex:24728 mv:34411 misc:5901 imb:1461 pmb:1846 smb:4853 d:s ref:0 ;
in:78 out:77 type:P dur:2 cpbdur:2 q:42.31 aq:39.59 tex:47757 mv:38522 misc:5761 imb:3276 pmb:1767 smb:3117 d:s ref:0 ;
in:77 out:78 type:b dur:2 cpbdur:2 q:42.31 aq:41.48 tex:23796 mv:33310 misc:6078 imb:1319 pmb:1994 smb:4847 d:s ref:0 ;
in:80 out:79 type:P dur:2 cpbdur:2 q:41.82 aq:39.20 tex:57999 mv:41556 misc:5525 imb:3569 pmb:1911 smb:2680 d:s ref:0 ;
in:79 out:80 type:b dur:2 cpbdur:2 q:42.31 aq:41.04 tex:22816 mv:31941 misc:5755 imb:1366 pmb:1815 smb:4979 d:s ref:0 ;
in:82 out:81 type:P dur:2 cpbdur:2 q:41.80 aq:39.45 tex:51612 mv:39140 misc:5680 imb:3429 pmb:1757 smb:2974 d:s ref:0 ;
in:81 out:82 type:b dur:2 cpbdur:2 q:41.82 aq:41.02 tex:24393 mv:32327 misc:5544 imb:1321 pmb:1860 smb:4979 d:s ref:0 ;
in:84 out:83 type:P dur:2 cpbdur:2 q:41.81 aq:39.95 tex:52961 mv:38501 misc:5178 imb:3660 pmb:1534 smb:2966 d:s ref:0 ;
in:83 out:84 type:b dur:2 cpbdur:2 q:41.81 aq:40.78 tex:24298 mv:33777 misc:6181 imb:1446 pmb:1959 smb:4755 d:s ref:0 ;
in:85 out:85 type:P dur:2 cpbdur:2 q:42.29 aq:41.28 tex:34189 mv:29311 misc:5524 imb:2742 pmb:1197 smb:4221 d:s ref:0 ;
in:86 out:86 type:I dur:2 cpbdur:2 q:39.23 aq:36.53 tex:206498 mv:83648 misc:294 imb:8160 pmb:0 smb:0 d:s ref:;
in:88 out:87 type:P dur:2 cpbdur:2 q:42.42 aq:38.81 tex:96197 mv:53107 misc:3416 imb:4971 pmb:2250 smb:939 d:s ref:0 ;
in:87 out:88 type:b dur:2 cpbdur:2 q:42.42 aq:41.00 tex:24280 mv:30264 misc:7064 imb:865 pmb:2473 smb:4822 d:s ref:0 ;
in:89 out:89 type:P dur:2 cpbdur:2 q:42.59 aq:39.08 tex:48239 mv:36262 misc:6667 imb:2315 pmb:2333 smb:3512 d:s ref:0 ;
in:90 out:90 type:P dur:2 cpbdur:2 q:42.74 aq:39.19 tex:40145 mv:33557 misc:7282 imb:2047 pmb:2203 smb:3910 d:s ref:0 ;
in:91 out:91 type:P dur:2 cpbdur:2 q:42.77 aq:38.86 tex:53483 mv:39177 misc:7140 imb:2507 pmb:2450 smb:3203 d:s ref:0 ;
in:93 out:92 type:P dur:2 cpbdur:2 q:43.22 aq:39.37 tex:83932 mv:49008 misc:5684 imb:3381 pmb:2712 smb:2067 d:s ref:0 ;
in:92 out:93 type:b dur:2 cpbdur:2 q:43.22 aq:42.29 tex:12954 mv:22233 misc:6661 imb:433 pmb:2108 smb:5619 d:s ref:0 ;
in:95 out:94 type:P dur:2 cpbdur:2 q:43.29 aq:39.33 tex:60697 mv:43407 misc:6744 imb:2764 pmb:2457 smb:2939 d:s ref:0 ;
in:94 out:95 type:b dur:2 cpbdur:2 q:43.29 aq:42.56 tex:11026 mv:20952 misc:6374 imb:349 pmb:1898 smb:5913 d:s ref:0 ;
in:97 out:96 type:P dur:2 cpbdur:2 q:43.36 aq:39.66 tex:75583 mv:43706 misc:6359 imb:2650 pmb:2608 smb:2902 d:s ref:0 ;
in:96 out:97 type:b dur:2 cpbdur:2 q:43.37 aq:43.62 tex:12878 mv:21854 misc:6340 imb:408 pmb:1947 smb:5805 d:t ref:0 ;
in:99 out:98 type:P dur:2 cpbdur:2 q:43.50 aq:39.79 tex:67589 mv:42622 misc:6661 imb:2643 pmb:2559 smb:2958 d:s ref:0 ;
in:98 out:99 type:b dur:2 cpbdur:2 q:43.50 aq:43.91 tex:11464 mv:20812 misc:6260 imb:332 pmb:1894 smb:5934 d:t ref:0 ;
in:101 out:100 type:P dur:2 cpbdur:2 q:43.67 aq:40.28 tex:74104 mv:42807 misc:6433 imb:2357 pmb:2754 smb:3049 d:s ref:0 ;
in:100 out:101 type:b dur:2 cpbdur:2 q:43.67 aq:44.33 tex:11820 mv:21282 misc:6586 imb:331 pmb:2084 smb:5745 d:t ref:0 ;
in:103 out:102 type:P dur:2 cpbdur:2 q:43.96 aq:40.67 tex:58100 mv:39085 misc:6775 imb:2085 pmb:2509 smb:3566 d:s ref:0 ;
in:102 out:103 type:b dur:2 cpbdur:2 q:43.96 aq:45.22 tex:10641 mv:19341 misc:6194 imb:267 pmb:1900 smb:5993 d:t ref:0 ;
in:105 out:104 type:P dur:2 cpbdur:2 q:44.40 aq:41.32 tex:75415 mv:43912 misc:6401 imb:2394 pmb:2775 smb:2991 d:s ref:0 ;
in:104 out:105 type:b dur:2 cpbdur:2 q:44.40 aq:45.91 tex:12878 mv:20954 misc:6480 imb:305 pmb:2104 smb:5751 d:t ref:0 ;
in:107 out:106 type:P dur:2 cpbdur:2 q:44.79 aq:41.87 tex:62157 mv:40595 misc:6824 imb:2052 pmb:2771 smb:3337 d:s ref:0 ;
in:106 out:107 type:b dur:2 cpbdur:2 q:44.80 aq:46.50 tex:10902 mv:19143 misc:6259 imb:256 pmb:1934 smb:5970 d:t ref:0 ;
in:109 out:108 type:P dur:2 cpbdur:2 q:44.83 aq:42.24 tex:72213 mv:41579 misc:6456 imb:2037 pmb:2860 smb:3263 d:s ref:0 ;
in:108 out:109 type:b dur:2 cpbdur:2 q:44.83 aq:46.64 tex:13315 mv:19919 misc:6662 imb:227 pmb:2237 smb:5696 d:t ref:0 ;
in:111 out:110 type:P dur:2 cpbdur:2 q:45.16 aq:42.36 tex:55392 mv:39512 misc:6872 imb:1931 pmb:2694 smb:3535 d:s ref:0 ;
in:110 out:111 type:b dur:2 cpbdur:2 q:45.16 aq:46.86 tex:11413 mv:18296 misc:6403 imb:208 pmb:1998 smb:5954 d:t ref:0 ;
in:113 out:112 type:P dur:2 cpbdur:2 q:45.49 aq:42.99 tex:62634 mv:40253 misc:6881 imb:1935 pmb:2880 smb:3345 d:t ref:0 ;
in:112 out:113 type:b dur:2 cpbdur:2 q:45.50 aq:47.28 tex:12364 mv:17795 misc:6225 imb:256 pmb:1914 smb:5990 d:t ref:0 ;
in:115 out:114 type:P dur:2 cpbdur:2 q:45.75 aq:43.92 tex:49583 mv:36178 misc:7031 imb:1767 pmb:2571 smb:3822 d:s ref:0 ;
in:114 out:115 type:b dur:2 cpbdur:2 q:45.81 aq:47.49 tex:10569 mv:15920 misc:5919 imb:196 pmb:1797 smb:6167 d:t ref:0 ;
in:116 out:116 type:P dur:2 cpbdur:2 q:45.57 aq:42.65 tex:61253 mv:33745 misc:7386 imb:1624 pmb:2863 smb:3673 d:s ref:0 ;
in:118 out:117 type:P dur:2 cpbdur:2 q:45.90 aq:43.80 tex:48203 mv:35457 misc:7212 imb:1581 pmb:2631 smb:3948 d:s ref:0 ;
in:117 out:118 type:b dur:2 cpbdur:2 q:45.90 aq:48.10 tex:11048 mv:15592 misc:5704 imb:174 pmb:1733 smb:6253 d:t ref:0 ;
in:120 out:119 type:P dur:2 cpbdur:2 q:45.82 aq:43.66 tex:54224 mv:37338 misc:6926 imb:1828 pmb:2615 smb:3717 d:s ref:0 ;
in:119 out:120 type:b dur:2 cpbdur:2 q:45.93 aq:47.56 tex:10409 mv:15387 misc:5252 imb:242 pmb:1533 smb:6385 d:t ref:0 ;
in:122 out:121 type:P dur:2 cpbdur:2 q:46.02 aq:44.54 tex:38987 mv:31684 misc:7457 imb:1389 pmb:2404 smb:4367 d:s ref:0 ;
in:121 out:122 type:b dur:2 cpbdur:2 q:46.03 aq:48.24 tex:10488 mv:13534 misc:5282 imb:148 pmb:1589 smb:6423 d:t ref:0 ;
in:124 out:123 type:P dur:2 cpbdur:2 q:45.29 aq:46.01 tex:38591 mv:29477 misc:7228 imb:1517 pmb:2128 smb:4515 d:t ref:0 ;
in:123 out:124 type:b dur:2 cpbdur:2 q:46.03 aq:47.83 tex:7047 mv:8120 misc:4305 imb:128 pmb:1145 smb:6887 d:s ref:0 ;
in:125 out:125 type:I dur:2 cpbdur:2 q:41.74 aq:37.99 tex:391262 mv:166067 misc:279 imb:8160 pmb:0 smb:0 d:t ref:;
in:128 out:126 type:P dur:2 cpbdur:2 q:44.34 aq:40.63 tex:14635 mv:22779 misc:7002 imb:423 pmb:2148 smb:5589 d:t ref:0 ;
in:126 out:127 type:B dur:2 cpbdur:2 q:44.34 aq:45.65 tex:686 mv:921 misc:1073 imb:10 pmb:119 smb:8031 d:s ref:0 ;
in:127 out:128 type:b dur:2 cpbdur:2 q:44.34 aq:46.05 tex:1215 mv:4145 misc:2296 imb:6 pmb:430 smb:7724 d:- ref:0 ;
in:130 out:129 type:P dur:2 cpbdur:2 q:44.17 aq:40.65 tex:27594 mv:27591 misc:7503 imb:535 pmb:2809 smb:4816 d:t ref:0 ;
in:129 out:130 type:b dur:2 cpbdur:2 q:44.34 aq:46.64 tex:1455 mv:1248 misc:1609 imb:10 pmb:227 smb:7923 d:s ref:0 ;
in:132 out:131 type:P dur:2 cpbdur:2 q:44.11 aq:40.62 tex:27690 mv:27396 misc:7474 imb:634 pmb:2619 smb:4907 d:t ref:0 ;
in:131 out:132 type:b dur:2 cpbdur:2 q:44.17 aq:46.14 tex:1985 mv:1764 misc:1763 imb:24 pmb:278 smb:7858 d:s ref:0 ;
in:134 out:133 type:P dur:2 cpbdur:2 q:43.94 aq:40.58 tex:32558 mv:30419 misc:7695 imb:577 pmb:3102 smb:4481 d:t ref:0 ;
in:133 out:134 type:b dur:2 cpbdur:2 q:44.11 aq:46.63 tex:2448 mv:2091 misc:2133 imb:31 pmb:365 smb:7764 d:s ref:0 ;
in:136 out:135 type:P dur:2 cpbdur:2 q:43.74 aq:40.69 tex:42264 mv:32948 misc:7612 imb:676 pmb:3397 smb:4087 d:t ref:0 ;
in:135 out:136 type:b dur:2 cpbdur:2 q:43.93 aq:46.01 tex:2642 mv:2518 misc:2288 imb:41 pmb:399 smb:7720 d:s ref:0 ;
in:138 out:137 type:P dur:2 cpbdur:2 q:43.86 aq:40.53 tex:49648 mv:34446 misc:7498 imb:749 pmb:3572 smb:3839 d:t ref:0 ;
in:137 out:138 type:b dur:2 cpbdur:2 q:44.00 aq:46.12 tex:3095 mv:2598 misc:2267 imb:40 pmb:415 smb:7705 d:s ref:0 ;
in:140 out:139 type:P dur:2 cpbdur:2 q:43.75 aq:40.31 tex:41866 mv:32258 misc:7684 imb:739 pmb:3236 smb:4185 d:t ref:0 ;
in:139 out:140 type:b dur:2 cpbdur:2 q:43.96 aq:46.10 tex:3346 mv:3823 misc:2703 imb:47 pmb:523 smb:7590 d:s ref:0 ;
in:142 out:141 type:P dur:2 cpbdur:2 q:43.94 aq:40.50 tex:46137 mv:33542 misc:7769 imb:800 pmb:3354 smb:4006 d:t ref:0 ;
in:141 out:142 type:b dur:2 cpbdur:2 q:44.07 aq:45.75 tex:2936 mv:3194 misc:2502 imb:31 pmb:471 smb:7658 d:s ref:0 ;
in:144 out:143 type:P dur:2 cpbdur:2 q:43.95 aq:40.76 tex:41564 mv:31162 misc:7530 imb:832 pmb:3018 smb:4310 d:t ref:0 ;
in:143 out:144 type:b dur:2 cpbdur:2 q:43.99 aq:46.37 tex:3157 mv:3394 misc:2553 imb:37 pmb:509 smb:7614 d:s ref:0 ;
in:147 out:145 type:P dur:2 cpbdur:2 q:43.81 aq:40.33 tex:77753 mv:43772 misc:7027 imb:1214 pmb:3995 smb:2951 d:t ref:0 w:0,1,-1 ;
in:145 out:146 type:B dur:2 cpbdur:2 q:44.17 aq:45.19 tex:6580 mv:7415 misc:3989 imb:76 pmb:1027 smb:7057 d:s ref:0 ;
in:146 out:147 type:b dur:2 cpbdur:2 q:44.17 aq:45.11 tex:3498 mv:8353 misc:3565 imb:43 pmb:864 smb:7253 d:- ref:0 ;
in:149 out:148 type:P dur:2 cpbdur:2 q:44.16 aq:41.07 tex:37229 mv:29925 misc:7430 imb:689 pmb:3002 smb:4469 d:t ref:0 ;
in:148 out:149 type:b dur:2 cpbdur:2 q:44.23 aq:46.44 tex:3280 mv:3758 misc:2362 imb:36 pmb:507 smb:7617 d:s ref:0 ;
in:151 out:150 type:P dur:2 cpbdur:2 q:42.96 aq:39.40 tex:77709 mv:40509 misc:7286 imb:1101 pmb:4093 smb:2966 d:t ref:0 ;
in:150 out:151 type:b dur:2 cpbdur:2 q:44.30 aq:45.64 tex:2593 mv:4425 misc:2294 imb:53 pmb:474 smb:7633 d:s ref:0 ;
in:153 out:152 type:P dur:2 cpbdur:2 q:43.16 aq:39.95 tex:46084 mv:32863 misc:7653 imb:759 pmb:3363 smb:4038 d:t ref:0 ;
in:152 out:153 type:b dur:2 cpbdur:2 q:43.16 aq:44.88 tex:2977 mv:3379 misc:2468 imb:33 pmb:490 smb:7637 d:s ref:0 ;
in:155 out:154 type:P dur:2 cpbdur:2 q:43.14 aq:39.66 tex:67280 mv:38119 misc:7097 imb:1076 pmb:3757 smb:3327 d:t ref:0 ;
in:154 out:155 type:b dur:2 cpbdur:2 q:43.42 aq:45.74 tex:3821 mv:5409 misc:2786 imb:62 pmb:627 smb:7471 d:s ref:0 ;
in:157 out:156 type:P dur:2 cpbdur:2 q:43.42 aq:40.12 tex:41892 mv:32283 misc:7505 imb:776 pmb:3152 smb:4232 d:t ref:0 ;
in:156 out:157 type:b dur:2 cpbdur:2 q:43.48 aq:46.23 tex:3629 mv:4245 misc:2686 imb:38 pmb:572 smb:7550 d:s ref:0 ;
in:159 out:158 type:P dur:2 cpbdur:2 q:42.41 aq:39.09 tex:71976 mv:40643 misc:7333 imb:1134 pmb:3955 smb:3071 d:t ref:0 ;
in:158 out:159 type:b dur:2 cpbdur:2 q:43.59 aq:45.21 tex:2960 mv:4733 misc:2571 imb:48 pmb:543 smb:7569 d:s ref:0 ;
in:161 out:160 type:P dur:2 cpbdur:2 q:42.67 aq:39.88 tex:40903 mv:32172 misc:7493 imb:735 pmb:3173 smb:4252 d:s ref:0 ;
in:160 out:161 type:b dur:2 cpbdur:2 q:42.78 aq:44.95 tex:3933 mv:10024 misc:3811 imb:38 pmb:998 smb:7124 d:t ref:0 ;
in:163 out:162 type:P dur:2 cpbdur:2 q:42.23 aq:39.48 tex:61669 mv:37841 misc:7386 imb:1091 pmb:3521 smb:3548 d:s ref:0 ;
in:162 out:163 type:b dur:2 cpbdur:2 q:42.71 aq:44.33 tex:5074 mv:11024 misc:4070 imb:80 pmb:1058 smb:7022 d:t ref:0 ;
in:165 out:164 type:P dur:2 cpbdur:2 q:42.27 aq:40.26 tex:37195 mv:31438 misc:7335 imb:846 pmb:2813 smb:4501 d:s ref:0 ;
in:164 out:165 type:b dur:2 cpbdur:2 q:42.52 aq:44.42 tex:4974 mv:12604 misc:4702 imb:65 pmb:1294 smb:6801 d:t ref:0 ;
in:167 out:166 type:P dur:2 cpbdur:2 q:41.38 aq:41.28 tex:33870 mv:28639 misc:7083 imb:895 pmb:2390 smb:4875 d:s ref:0 ;
in:166 out:167 type:b dur:2 cpbdur:2 q:42.37 aq:44.29 tex:5607 mv:12196 misc:4341 imb:73 pmb:1176 smb:6911 d:t ref:0 ;
in:168 out:168 type:I dur:2 cpbdur:2 q:38.20 aq:34.55 tex:672196 mv:263701 misc:279 imb:8160 pmb:0 smb:0 d:s ref:;
in:171 out:169 type:P dur:2 cpbdur:2 q:41.20 aq:38.08 tex:31651 mv:31259 misc:7378 imb:403 pmb:3335 smb:4422 d:s ref:0 ;
in:169 out:170 type:B dur:2 cpbdur:2 q:41.20 aq:42.28 tex:1203 mv:7584 misc:3805 imb:14 pmb:942 smb:7204 d:t ref:0 ;
in:170 out:171 type:b dur:2 cpbdur:2 q:41.20 aq:42.29 tex:1634 mv:7338 misc:3372 imb:16 pmb:744 smb:7400 d:- ref:0 ;
in:174 out:172 type:P dur:2 cpbdur:2 q:41.22 aq:37.38 tex:108685 mv:47146 misc:6065 imb:761 pmb:5250 smb:2149 d:t ref:0 ;
in:172 out:173 type:B dur:2 cpbdur:2 q:41.24 aq:42.49 tex:4002 mv:4401 misc:3021 imb:27 pmb:585 smb:7548 d:s ref:0 ;
in:173 out:174 type:b dur:2 cpbdur:2 q:41.24 aq:42.82 tex:1937 mv:7540 misc:3147 imb:23 pmb:708 smb:7429 d:- ref:0 ;
in:178 out:175 type:P dur:2 cpbdur:2 q:41.61 aq:38.03 tex:90079 mv:48770 misc:6271 imb:744 pmb:5025 smb:2391 d:t ref:0 ;
in:176 out:176 type:B dur:2 cpbdur:2 q:41.62 aq:42.11 tex:6619 mv:7286 misc:3391 imb:65 pmb:793 smb:7302 d:t ref:0 ;
in:175 out:177 type:b dur:2 cpbdur:2 q:41.62 aq:43.07 tex:1538 mv:3263 misc:2199 imb:22 pmb:392 smb:7746 d:s ref:0 ;
in:177 out:178 type:b dur:2 cpbdur:2 q:41.62 aq:43.58 tex:2774 mv:7902 misc:3316 imb:20 pmb:798 smb:7342 d:- ref:0 ;
in:180 out:179 type:P dur:2 cpbdur:2 q:41.81 aq:38.11 tex:78049 mv:38954 misc:6957 imb:529 pmb:4720 smb:2911 d:t ref:0 ;
in:179 out:180 type:b dur:2 cpbdur:2 q:41.82 aq:44.06 tex:1939 mv:1733 misc:1568 imb:26 pmb:250 smb:7884 d:t ref:0 ;
in:182 out:181 type:P dur:2 cpbdur:2 q:42.01 aq:38.25 tex:84518 mv:39830 misc:6836 imb:566 pmb:4764 smb:2830 d:t ref:0 ;
in:181 out:182 type:b dur:2 cpbdur:2 q:42.42 aq:43.60 tex:1767 mv:2080 misc:1441 imb:19 pmb:231 smb:7910 d:s ref:0 ;
in:186 out:183 type:P dur:2 cpbdur:2 q:42.29 aq:38.28 tex:103274 mv:51813 misc:5865 imb:1007 pmb:5087 smb:2066 d:t ref:0 ;
in:184 out:184 type:B dur:2 cpbdur:2 q:42.37 aq:42.76 tex:6678 mv:7581 misc:3261 imb:81 pmb:758 smb:7321 d:t ref:0 ;
in:183 out:185 type:b dur:2 cpbdur:2 q:42.37 aq:43.94 tex:2722 mv:4145 misc:2581 imb:25 pmb:509 smb:7626 d:s ref:0 ;
in:185 out:186 type:b dur:2 cpbdur:2 q:42.37 aq:43.91 tex:2676 mv:7580 misc:3256 imb:24 pmb:753 smb:7383 d:- ref:0 ;
in:190 out:187 type:P dur:2 cpbdur:2 q:42.17 aq:38.40 tex:97886 mv:50128 misc:6218 imb:818 pmb:5038 smb:2304 d:t ref:0 ;
in:188 out:188 type:B dur:2 cpbdur:2 q:42.33 aq:42.71 tex:6045 mv:6945 misc:3546 imb:75 pmb:789 smb:7296 d:t ref:0 ;
in:187 out:189 type:b dur:2 cpbdur:2 q:42.33 aq:44.76 tex:2619 mv:3916 misc:2649 imb:28 pmb:521 smb:7611 d:s ref:0 ;
in:189 out:190 type:b dur:2 cpbdur:2 q:42.33 aq:45.00 tex:2643 mv:7569 misc:3364 imb:24 pmb:777 smb:7359 d:- ref:0 ;
in:192 out:191 type:P dur:2 cpbdur:2 q:42.27 aq:38.71 tex:64145 mv:34891 misc:7164 imb:432 pmb:4312 smb:3416 d:t ref:0 ;
in:191 out:192 type:b dur:2 cpbdur:2 q:42.56 aq:44.31 tex:2539 mv:1708 misc:1673 imb:14 pmb:287 smb:7859 d:s ref:0 ;
in:194 out:193 type:P dur:2 cpbdur:2 q:42.27 aq:38.36 tex:81263 mv:39381 misc:6724 imb:556 pmb:4657 smb:2947 d:t ref:0 ;
in:193 out:194 type:b dur:2 cpbdur:2 q:42.62 aq:43.13 tex:2390 mv:2130 misc:1560 imb:23 pmb:258 smb:7879 d:s ref:0 ;
in:196 out:195 type:P dur:2 cpbdur:2 q:42.04 aq:38.21 tex:72588 mv:39224 misc:7060 imb:574 pmb:4571 smb:3015 d:t ref:0 ;
in:195 out:196 type:b dur:2 cpbdur:2 q:42.53 aq:45.40 tex:2315 mv:1787 misc:1490 imb:23 pmb:236 smb:7901 d:s ref:0 ;
in:200 out:197 type:P dur:2 cpbdur:2 q:41.92 aq:38.40 tex:98270 mv:50872 misc:6146 imb:928 pmb:5021 smb:2211 d:t ref:0 ;
in:198 out:198 type:B dur:2 cpbdur:2 q:42.17 aq:42.58 tex:11189 mv:12528 misc:4275 imb:78 pmb:1374 smb:6708 d:s ref:0 ;
in:197 out:199 type:b dur:2 cpbdur:2 q:42.28 aq:44.08 tex:2759 mv:5960 misc:3153 imb:31 pmb:721 smb:7408 d:s ref:0 ;
in:199 out:200 type:b dur:2 cpbdur:2 q:42.28 aq:44.26 tex:3955 mv:9720 misc:3669 imb:25 pmb:969 smb:7166 d:- ref:0 ;
in:203 out:201 type:P dur:2 cpbdur:2 q:41.51 aq:37.65 tex:138312 mv:53005 misc:5443 imb:1021 pmb:5567 smb:1572 d:t ref:0 ;
in:201 out:202 type:B dur:2 cpbdur:2 q:42.07 aq:42.83 tex:7660 mv:6501 misc:3311 imb:59 pmb:799 smb:7302 d:s ref:0 ;
in:202 out:203 type:b dur:2 cpbdur:2 q:42.19 aq:44.65 tex:3895 mv:9085 misc:3284 imb:38 pmb:870 smb:7252 d:- ref:0 ;
in:205 out:204 type:P dur:2 cpbdur:2 q:41.52 aq:37.56 tex:88513 mv:40603 misc:6924 imb:571 pmb:4951 smb:2638 d:t ref:0 ;
in:204 out:205 type:b dur:2 cpbdur:2 q:42.23 aq:44.00 tex:2876 mv:2737 misc:1763 imb:24 pmb:343 smb:7793 d:t ref:0 ;
in:209 out:206 type:P dur:2 cpbdur:2 q:41.62 aq:37.88 tex:105028 mv:49974 misc:6190 imb:977 pmb:4768 smb:2415 d:t ref:0 ;
in:207 out:207 type:B dur:2 cpbdur:2 q:41.82 aq:42.46 tex:11588 mv:10753 misc:3755 imb:93 pmb:1115 smb:6952 d:t ref:0 ;
in:206 out:208 type:b dur:2 cpbdur:2 q:41.82 aq:43.93 tex:3243 mv:6229 misc:2768 imb:44 pmb:639 smb:7477 d:s ref:0 ;
in:208 out:209 type:b dur:2 cpbdur:2 q:41.82 aq:43.85 tex:3464 mv:8785 misc:3367 imb:37 pmb:867 smb:7256 d:- ref:0 ;
in:211 out:210 type:P dur:2 cpbdur:2 q:41.61 aq:37.92 tex:84532 mv:38688 misc:6708 imb:477 pmb:4526 smb:3157 d:s ref:0 ;
in:210 out:211 type:b dur:2 cpbdur:2 q:41.98 aq:43.88 tex:3466 mv:8342 misc:3288 imb:26 pmb:851 smb:7283 d:t ref:0 ;
in:213 out:212 type:P dur:2 cpbdur:2 q:41.36 aq:37.41 tex:83889 mv:38423 misc:6872 imb:478 pmb:4729 smb:2953 d:s ref:0 ;
in:212 out:213 type:b dur:2 cpbdur:2 q:41.71 aq:43.68 tex:3318 mv:7914 misc:3320 imb:28 pmb:820 smb:7312 d:t ref:0 ;
in:217 out:214 type:P dur:2 cpbdur:2 q:41.02 aq:37.41 tex:111213 mv:51165 misc:5854 imb:845 pmb:5059 smb:2256 d:s ref:0 ;
in:215 out:215 type:B dur:2 cpbdur:2 q:41.70 aq:41.88 tex:10669 mv:19466 misc:5625 imb:60 pmb:1908 smb:6192 d:t ref:0 ;
in:214 out:216 type:b dur:2 cpbdur:2 q:41.94 aq:43.98 tex:2433 mv:8259 misc:3388 imb:22 pmb:791 smb:7347 d:s ref:0 ;
in:216 out:217 type:b dur:2 cpbdur:2 q:41.81 aq:43.43 tex:2802 mv:7967 misc:3207 imb:18 pmb:786 smb:7356 d:- ref:0 ;
in:219 out:218 type:P dur:2 cpbdur:2 q:40.63 aq:36.91 tex:99394 mv:41778 misc:6812 imb:501 pmb:5064 smb:2595 d:s ref:0 ;
in:218 out:219 type:b dur:2 cpbdur:2 q:41.22 aq:43.11 tex:3429 mv:9130 misc:3441 imb:33 pmb:903 smb:7224 d:t ref:0 ;
in:221 out:220 type:P dur:2 cpbdur:2 q:40.52 aq:36.90 tex:80364 mv:40586 misc:6834 imb:484 pmb:4880 smb:2796 d:t ref:0 ;
in:220 out:221 type:b dur:2 cpbdur:2 q:40.95 aq:42.52 tex:3292 mv:9362 misc:3474 imb:24 pmb:936 smb:7200 d:t ref:0 ;
in:223 out:222 type:P dur:2 cpbdur:2 q:40.31 aq:36.83 tex:81218 mv:39734 misc:6896 imb:436 pmb:4739 smb:2985 d:t ref:0 ;
in:222 out:223 type:b dur:2 cpbdur:2 q:40.93 aq:43.41 tex:3038 mv:2963 misc:1903 imb:23 pmb:360 smb:7777 d:s ref:0 ;
in:225 out:224 type:P dur:2 cpbdur:2 q:40.17 aq:36.87 tex:75749 mv:40303 misc:6820 imb:477 pmb:4690 smb:2993 d:t ref:0 ;
in:224 out:225 type:b dur:2 cpbdur:2 q:40.72 aq:42.96 tex:3282 mv:3190 misc:1720 imb:26 pmb:323 smb:7811 d:t ref:0 ;
in:227 out:226 type:P dur:2 cpbdur:2 q:39.88 aq:36.35 tex:94874 mv:43716 misc:6634 imb:649 pmb:4748 smb:2763 d:t ref:0 ;
in:226 out:227 type:b dur:2 cpbdur:2 q:40.46 aq:42.29 tex:3461 mv:3662 misc:2005 imb:25 pmb:395 smb:7740 d:s ref:0 ;
in:229 out:228 type:P dur:2 cpbdur:2 q:39.82 aq:36.62 tex:72850 mv:39193 misc:6837 imb:529 pmb:4343 smb:3288 d:t ref:0 ;
in:228 out:229 type:b dur:2 cpbdur:2 q:40.28 aq:43.19 tex:3450 mv:3606 misc:2000 imb:34 pmb:355 smb:7771 d:t ref:0 ;
in:232 out:230 type:P dur:2 cpbdur:2 q:39.40 aq:35.97 tex:103612 mv:50448 misc:6180 imb:803 pmb:5108 smb:2249 d:t ref:0 ;
in:230 out:231 type:B dur:2 cpbdur:2 q:40.00 aq:41.45 tex:9062 mv:9411 misc:4223 imb:47 pmb:1154 smb:6959 d:s ref:0 ;
in:231 out:232 type:b dur:2 cpbdur:2 q:40.35 aq:42.41 tex:3121 mv:9372 misc:3619 imb:26 pmb:893 smb:7241 d:- ref:0 ;
in:234 out:233 type:P dur:2 cpbdur:2 q:39.28 aq:36.22 tex:71072 mv:39843 misc:7141 imb:586 pmb:4340 smb:3234 d:t ref:0 ;
in:233 out:234 type:b dur:2 cpbdur:2 q:39.77 aq:41.57 tex:2461 mv:3182 misc:1893 imb:28 pmb:328 smb:7804 d:t ref:0 ;
in:236 out:235 type:P dur:2 cpbdur:2 q:39.14 aq:36.92 tex:48199 mv:35373 misc:7364 imb:455 pmb:3855 smb:3850 d:t ref:0 ;
in:235 out:236 type:b dur:2 cpbdur:2 q:39.74 aq:40.90 tex:2676 mv:2573 misc:1911 imb:29 pmb:320 smb:7811 d:t ref:0 ;
in:238 out:237 type:P dur:2 cpbdur:2 q:38.24 aq:37.40 tex:49426 mv:35791 misc:7335 imb:514 pmb:3668 smb:3978 d:t ref:0 ;
in:237 out:238 type:b dur:2 cpbdur:2 q:39.37 aq:40.63 tex:2571 mv:3240 misc:1981 imb:36 pmb:334 smb:7790 d:s ref:0 ;
in:239 out:239 type:P dur:2 cpbdur:2 q:37.82 aq:38.44 tex:13663 mv:16394 misc:6287 imb:181 pmb:1904 smb:6075 d:t ref:0 ;
in:240 out:240 type:I dur:2 cpbdur:2 q:35.01 aq:31.80 tex:411887 mv:164966 misc:275 imb:8160 pmb:0 smb:0 d:t ref:;
in:242 out:241 type:P dur:2 cpbdur:2 q:38.53 aq:35.18 tex:66687 mv:48277 misc:6276 imb:1834 pmb:3503 smb:2823 d:t ref:0 ;
in:241 out:242 type:b dur:2 cpbdur:2 q:39.17 aq:38.35 tex:12460 mv:20624 misc:4124 imb:529 pmb:1527 smb:6104 d:s ref:0 ;
in:244 out:243 type:P dur:2 cpbdur:2 q:38.81 aq:35.91 tex:52460 mv:43227 misc:6281 imb:1922 pmb:3224 smb:3014 d:t ref:0 ;
in:243 out:244 type:b dur:2 cpbdur:2 q:41.03 aq:41.01 tex:13442 mv:19122 misc:3476 imb:645 pmb:1358 smb:6157 d:s ref:0 ;
in:246 out:245 type:P dur:2 cpbdur:2 q:39.17 aq:35.95 tex:63939 mv:44386 misc:5491 imb:2864 pmb:2852 smb:2444 d:t ref:0 ;
in:245 out:246 type:b dur:2 cpbdur:2 q:41.06 aq:40.89 tex:14744 mv:23329 misc:3151 imb:1226 pmb:1340 smb:5594 d:s ref:0 ;
in:248 out:247 type:P dur:2 cpbdur:2 q:39.82 aq:37.48 tex:57021 mv:39539 misc:5264 imb:3196 pmb:2094 smb:2870 d:t ref:0 ;
in:247 out:248 type:b dur:2 cpbdur:2 q:41.00 aq:39.97 tex:23421 mv:27124 misc:2927 imb:1285 pmb:1492 smb:5383 d:s ref:0 ;
in:249 out:249 type:P dur:2 cpbdur:2 q:40.36 aq:38.53 tex:41478 mv:36061 misc:5357 imb:2805 pmb:1878 smb:3477 d:t ref:0 ;
in:250 out:250 type:P dur:2 cpbdur:2 q:40.33 aq:38.36 tex:56477 mv:42684 misc:5055 imb:3876 pmb:1871 smb:2413 d:t ref:0 ;
in:251 out:251 type:P dur:2 cpbdur:2 q:40.32 aq:38.48 tex:52611 mv:43240 misc:4269 imb:4358 pmb:1724 smb:2078 d:t ref:0 ;
in:252 out:252 type:P dur:2 cpbdur:2 q:39.55 aq:36.91 tex:63446 mv:47150 misc:2948 imb:5828 pmb:1334 smb:998 d:t ref:0 ;
in:253 out:253 type:P dur:2 cpbdur:2 q:39.40 aq:36.47 tex:63343 mv:48218 misc:2527 imb:6157 pmb:1327 smb:676 d:s ref:0 ;
in:254 out:254 type:P dur:2 cpbdur:2 q:39.91 aq:37.11 tex:67168 mv:47715 misc:2653 imb:6123 pmb:1347 smb:690 d:s ref:0 ;
in:255 out:255 type:P dur:2 cpbdur:2 q:40.29 aq:37.44 tex:61473 mv:45969 misc:3382 imb:5761 pmb:1370 smb:1029 d:s ref:0 ;
in:256 out:256 type:P dur:2 cpbdur:2 q:40.42 aq:37.41 tex:56175 mv:45437 misc:3540 imb:5861 pmb:1248 smb:1051 d:s ref:0 ;
in:257 out:257 type:P dur:2 cpbdur:2 q:40.83 aq:37.33 tex:53204 mv:41276 misc:3144 imb:6154 pmb:1002 smb:1004 d:s ref:0 ;
in:258 out:258 type:P dur:2 cpbdur:2 q:40.90 aq:36.74 tex:51136 mv:39750 misc:2554 imb:6586 pmb:760 smb:814 d:s ref:0 ;
in:259 out:259 type:P dur:2 cpbdur:2 q:40.58 aq:36.03 tex:51430 mv:36383 misc:3267 imb:6099 pmb:742 smb:1319 d:s ref:0 ;
in:260 out:260 type:P dur:2 cpbdur:2 q:40.68 aq:35.86 tex:44358 mv:34699 misc:3463 imb:6191 pmb:580 smb:1389 d:s ref:0 ;
in:261 out:261 type:P dur:2 cpbdur:2 q:40.70 aq:35.21 tex:45461 mv:34929 misc:3170 imb:6481 pmb:519 smb:1160 d:s ref:0 ;
in:262 out:262 type:P dur:2 cpbdur:2 q:41.01 aq:35.06 tex:44398 mv:35851 misc:2599 imb:6973 pmb:469 smb:718 d:s ref:0 ;
in:263 out:263 type:P dur:2 cpbdur:2 q:40.83 aq:34.96 tex:48077 mv:37621 misc:2918 imb:6635 pmb:586 smb:939 d:s ref:0 ;
in:264 out:264 type:I dur:2 cpbdur:2 q:34.61 aq:28.20 tex:101303 mv:50531 misc:326 imb:8160 pmb:0 smb:0 d:s ref:;
in:265 out:265 type:P dur:2 cpbdur:2 q:40.80 aq:33.74 tex:48483 mv:33137 misc:4076 imb:5221 pmb:743 smb:2196 d:s ref:0 ;
in:266 out:266 type:P dur:2 cpbdur:2 q:40.82 aq:34.56 tex:48908 mv:30744 misc:4732 imb:4069 pmb:1096 smb:2995 d:s ref:0 ;
in:267 out:267 type:P dur:2 cpbdur:2 q:40.83 aq:35.63 tex:50353 mv:29290 misc:5085 imb:3085 pmb:1449 smb:3626 d:s ref:0 ;
in:268 out:268 type:P dur:2 cpbdur:2 q:40.84 aq:36.44 tex:54095 mv:30860 misc:5037 imb:2878 pmb:1515 smb:3767 d:s ref:0 ;
in:269 out:269 type:P dur:2 cpbdur:2 q:40.85 aq:36.77 tex:55208 mv:31854 misc:4890 imb:2781 pmb:1699 smb:3680 d:s ref:0 ;
in:270 out:270 type:P dur:2 cpbdur:2 q:40.78 aq:36.18 tex:43167 mv:30366 misc:5107 imb:2572 pmb:1614 smb:3974 d:s ref:0 ;
in:271 out:271 type:P dur:2 cpbdur:2 q:40.52 aq:35.48 tex:34031 mv:28059 misc:6038 imb:2109 pmb:1690 smb:4361 d:s ref:0 ;
in:272 out:272 type:P dur:2 cpbdur:2 q:40.09 aq:34.93 tex:30399 mv:28247 misc:6322 imb:1742 pmb:1855 smb:4563 d:s ref:0 ;
in:273 out:273 type:P dur:2 cpbdur:2 q:40.17 aq:34.95 tex:27782 mv:26061 misc:6525 imb:1649 pmb:1714 smb:4797 d:s ref:0 ;
in:274 out:274 type:P dur:2 cpbdur:2 q:40.69 aq:35.50 tex:23542 mv:22986 misc:6104 imb:1391 pmb:1495 smb:5274 d:s ref:0 ;
in:275 out:275 type:P dur:2 cpbdur:2 q:40.87 aq:35.80 tex:22618 mv:23565 misc:6017 imb:1459 pmb:1490 smb:5211 d:s ref:0 ;
in:278 out:276 type:P dur:2 cpbdur:2 q:40.60 aq:36.05 tex:38796 mv:31485 misc:5327 imb:2764 pmb:1460 smb:3936 d:s ref:0 ;
in:276 out:277 type:B dur:2 cpbdur:2 q:40.87 aq:38.89 tex:10325 mv:20431 misc:4188 imb:674 pmb:1146 smb:6340 d:s ref:0 ;
in:277 out:278 type:b dur:2 cpbdur:2 q:40.86 aq:39.92 tex:9368 mv:18695 misc:3761 imb:628 pmb:1042 smb:6490 d:- ref:0 ;
in:279 out:279 type:P dur:2 cpbdur:2 q:38.43 aq:33.93 tex:47252 mv:33437 misc:7183 imb:2155 pmb:2333 smb:3672 d:s ref:0 ;
in:280 out:280 type:P dur:2 cpbdur:2 q:36.54 aq:32.16 tex:53335 mv:35583 misc:6858 imb:2071 pmb:2639 smb:3450 d:s ref:0 ;
in:281 out:281 type:P dur:2 cpbdur:2 q:34.68 aq:30.66 tex:66828 mv:39972 misc:6232 imb:2050 pmb:3032 smb:3078 d:s ref:0 ;
in:283 out:282 type:P dur:2 cpbdur:2 q:35.03 aq:32.24 tex:45205 mv:33485 misc:4398 imb:2101 pmb:1711 smb:4348 d:s ref:0 ;
in:282 out:283 type:b dur:2 cpbdur:2 q:35.16 aq:32.60 tex:22381 mv:29502 misc:3981 imb:858 pmb:1620 smb:5682 d:s ref:0 ;
